#
# A fatal error has been detected by the Java Runtime Environment:
#
#  EXCEPTION_ACCESS_VIOLATION (0xc0000005) at pc=0x0000000006334e10, pid=4396, tid=25124
#
# JRE version: Java(TM) SE Runtime Environment (8.0_25-b18) (build 1.8.0_25-b18)
# Java VM: Java HotSpot(TM) 64-Bit Server VM (25.25-b02 mixed mode windows-amd64 compressed oops)
# Problematic frame:
# C  0x0000000006334e10
#
# Failed to write core dump. Minidumps are not enabled by default on client versions of Windows
#
# If you would like to submit a bug report, please visit:
#   http://bugreport.sun.com/bugreport/crash.jsp
#

---------------  T H R E A D  ---------------

Current thread (0x00000000023c1000):  GCTaskThread [stack: 0x0000000003260000,0x0000000003360000] [id=25124]

siginfo: ExceptionCode=0xc0000005, ExceptionInformation=0x0000000000000008 0x0000000006334e10

Registers:
RAX=0x0000000005b30088, RBX=0x0000000002cf070e, RCX=0x000000007fff5978, RDX=0x000000000243d7c0
RSP=0x000000000335f8a8, RBP=0x0000000002cf0863, RSI=0x00000000c40e1c00, RDI=0x00000000c40e0e38
R8 =0x00000000c40e0e38, R9 =0x000000007fff5978, R10=0x0000000002690000, R11=0x0000000002090000
R12=0x0000000002cf0701, R13=0x000000000243d7c0, R14=0x00000000023b64c0, R15=0x000000000000000c
RIP=0x0000000006334e10, EFLAGS=0x0000000000010203

Top of Stack: (sp=0x000000000335f8a8)
0x000000000335f8a8:   000000006f97fa1f 0000000002cf070e
0x000000000335f8b8:   0000000002cf0863 00000000c40e1c00
0x000000000335f8c8:   00000000f7da5ab5 0000000002cf0400
0x000000000335f8d8:   0000000002d3ffb6 0000000000000400
0x000000000335f8e8:   0000000000000300 00000000024eeaa0
0x000000000335f8f8:   00000000023bd6b0 000000006fbd51d8
0x000000000335f908:   0000000000000000 0000000000000000
0x000000000335f918:   00000000023f9190 00000000023c1560
0x000000000335f928:   00000000023c1550 000000000243d7c0
0x000000000335f938:   000000006f992442 0000000002cf0700
0x000000000335f948:   00000000023b6680 00000000c410c588
0x000000000335f958:   00000000cdff6bd0 000000000243d7c0
0x000000000335f968:   0000000000000006 0000000000000008
0x000000000335f978:   0000000000000000 00000000023f9190
0x000000000335f988:   000000006f9814ae 00000000023c1000
0x000000000335f998:   0000000000000000 0000000000000000 

Instructions: (pc=0x0000000006334e10)
0x0000000006334df0:   04 00 ff ff 47 c3 86 00 28 4a 29 43 00 00 00 00
0x0000000006334e00:   05 00 ff ff 96 6a 7e 0f 28 4a 43 29 56 00 00 00
0x0000000006334e10:   05 00 ff ff cc a5 87 34 28 4a 49 29 56 00 00 00
0x0000000006334e20:   04 00 ff ff 05 0f 96 35 28 4a 29 46 00 00 00 00 


Register to memory mapping:

RAX=0x0000000005b30088 is pointing into metadata
RBX=0x0000000002cf070e is an unknown value
RCX=0x000000007fff5978 is pointing into metadata
RDX=0x000000000243d7c0 is an unknown value
RSP=0x000000000335f8a8 is an unknown value
RBP=0x0000000002cf0863 is an unknown value
RSI=0x00000000c40e1c00 is pointing into object: 0x00000000c40e1b58
[C 
 - klass: {type array char}
 - length: 127
RDI=0x00000000c40e0e38 is an oop

[error occurred during error reporting (printing register info), id 0xc0000005]

Stack: [0x0000000003260000,0x0000000003360000],  sp=0x000000000335f8a8,  free space=1022k
Native frames: (J=compiled Java code, j=interpreted, Vv=VM code, C=native code)
C  0x0000000006334e10


---------------  P R O C E S S  ---------------

Java Threads: ( => current thread )
  0x0000000009845800 JavaThread "Stdin handler" [_thread_blocked, id=16944, stack(0x000000000b450000,0x000000000b550000)]
  0x000000000c78d000 JavaThread "Daemon worker Thread 15" [_thread_blocked, id=21872, stack(0x000000000b6b0000,0x000000000b7b0000)]
  0x000000000c78c800 JavaThread "Cancel handler" [_thread_blocked, id=17088, stack(0x000000000b580000,0x000000000b680000)]
  0x000000000c78e000 JavaThread "Handler for socket connection from /127.0.0.1:63868 to /127.0.0.1:14231" [_thread_in_native, id=13676, stack(0x000000000b310000,0x000000000b410000)]
  0x000000000c78b800 JavaThread "Daemon Thread 15" [_thread_blocked, id=10616, stack(0x000000000aea0000,0x000000000afa0000)]
  0x000000000c937000 JavaThread "File lock request listener" [_thread_in_native, id=6612, stack(0x000000000e940000,0x000000000ea40000)]
  0x000000000a185800 JavaThread "Incoming local TCP Connector on port 63868" [_thread_in_native, id=15984, stack(0x000000000afd0000,0x000000000b0d0000)]
  0x0000000007795000 JavaThread "Service Thread" daemon [_thread_blocked, id=23716, stack(0x0000000008e60000,0x0000000008f60000)]
  0x0000000007725800 JavaThread "C1 CompilerThread3" daemon [_thread_blocked, id=1772, stack(0x00000000092d0000,0x00000000093d0000)]
  0x000000000770c800 JavaThread "C2 CompilerThread2" daemon [_thread_blocked, id=21620, stack(0x0000000009170000,0x0000000009270000)]
  0x0000000007707800 JavaThread "C2 CompilerThread1" daemon [_thread_blocked, id=5884, stack(0x0000000008f80000,0x0000000009080000)]
  0x000000000652e800 JavaThread "C2 CompilerThread0" daemon [_thread_blocked, id=13520, stack(0x0000000008cb0000,0x0000000008db0000)]
  0x000000000652c000 JavaThread "Attach Listener" daemon [_thread_blocked, id=19080, stack(0x0000000008a50000,0x0000000008b50000)]
  0x00000000076f3800 JavaThread "Signal Dispatcher" daemon [_thread_blocked, id=23504, stack(0x0000000008620000,0x0000000008720000)]
  0x000000000651c800 JavaThread "Finalizer" daemon [_thread_blocked, id=26600, stack(0x0000000008b70000,0x0000000008c70000)]
  0x0000000006513800 JavaThread "Reference Handler" daemon [_thread_blocked, id=11604, stack(0x0000000008950000,0x0000000008a50000)]
  0x00000000024ef800 JavaThread "main" [_thread_blocked, id=24940, stack(0x0000000002810000,0x0000000002910000)]

Other Threads:
  0x0000000007691800 VMThread [stack: 0x0000000008750000,0x0000000008850000] [id=18688]
  0x00000000077a4800 WatcherThread [stack: 0x00000000093f0000,0x00000000094f0000] [id=20716]

=>0x00000000023c1000 (exited) GCTaskThread [stack: 0x0000000003260000,0x0000000003360000] [id=25124]

VM state:at safepoint (normal execution)

VM Mutex/Monitor currently owned by a thread:  ([mutex/lock_event])
[0x00000000024ed8a0] Threads_lock - owner thread: 0x0000000007691800
[0x00000000024edda0] Heap_lock - owner thread: 0x000000000c78d000

Heap:
 PSYoungGen      total 280064K, used 210432K [0x00000000eab00000, 0x0000000100000000, 0x0000000100000000)
  eden space 210432K, 100% used [0x00000000eab00000,0x00000000f7880000,0x00000000f7880000)
  from space 69632K, 0% used [0x00000000fbc00000,0x00000000fbc00000,0x0000000100000000)
  to   space 69120K, 24% used [0x00000000f7880000,0x00000000f8954010,0x00000000fbc00000)
 ParOldGen       total 308224K, used 229346K [0x00000000c0000000, 0x00000000d2d00000, 0x00000000eab00000)
  object space 308224K, 74% used [0x00000000c0000000,0x00000000cdff8bd0,0x00000000d2d00000)
 Metaspace       used 148350K, capacity 159841K, committed 161704K, reserved 1185792K
  class space    used 20849K, capacity 24837K, committed 25512K, reserved 1048576K

Card table byte_map: [0x0000000002cd0000,0x0000000002ee0000] byte_map_base: 0x00000000026d0000

Marking Bits: (ParMarkBitMap*) 0x000000006fd8d490
 Begin Bits: [0x0000000003930000, 0x0000000004930000)
 End Bits:   [0x0000000004930000, 0x0000000005930000)

Polling page: 0x0000000002440000

CodeCache: size=245760Kb used=53012Kb max_used=53017Kb free=192747Kb
 bounds [0x000000000f010000, 0x0000000012430000, 0x000000001e010000]
 total_blobs=13906 nmethods=13215 adapters=602
 compilation: enabled

Compilation events (10 events):
Event: 8004.023 Thread 0x0000000007725800 18990       3       com.android.build.gradle.BasePlugin::$getCallSiteArray (40 bytes)
Event: 8004.025 Thread 0x0000000007725800 nmethod 18990 0x00000000123fdad0 code [0x00000000123fdca0, 0x00000000123fe4f8]
Event: 8004.040 Thread 0x0000000007725800 18991       3       com.android.build.gradle.internal.api.DefaultAndroidSourceSet_Decorated::getConventionMapping (30 bytes)
Event: 8004.041 Thread 0x0000000007725800 nmethod 18991 0x00000000123fc4d0 code [0x00000000123fc6e0, 0x00000000123fd218]
Event: 8004.045 Thread 0x0000000007725800 18992   !   3       sun.reflect.GeneratedMethodAccessor39::invoke (63 bytes)
Event: 8004.046 Thread 0x0000000007725800 nmethod 18992 0x00000000123fb8d0 code [0x00000000123fbaa0, 0x00000000123fc128]
Event: 8004.074 Thread 0x0000000007725800 18993       1       com.android.build.gradle.internal.variant.BaseVariantData::getVariantConfiguration (5 bytes)
Event: 8004.074 Thread 0x0000000007725800 nmethod 18993 0x00000000124049d0 code [0x0000000012404b20, 0x0000000012404c30]
Event: 8004.082 Thread 0x0000000007725800 18994       3       groovy.lang.MetaClassImpl::getNormalMethodWithCaching (96 bytes)
Event: 8004.082 Thread 0x0000000007725800 nmethod 18994 0x0000000012403a10 code [0x0000000012403c00, 0x0000000012404638]

GC Heap History (10 events):
Event: 7516.795 GC heap after
Heap after GC invocations=57 (full 14):
 PSYoungGen      total 270848K, used 19951K [0x00000000eab00000, 0x00000000fff80000, 0x0000000100000000)
  eden space 198656K, 0% used [0x00000000eab00000,0x00000000eab00000,0x00000000f6d00000)
  from space 72192K, 27% used [0x00000000f6d00000,0x00000000f807bef0,0x00000000fb380000)
  to   space 71168K, 0% used [0x00000000fba00000,0x00000000fba00000,0x00000000fff80000)
 ParOldGen       total 308224K, used 230374K [0x00000000c0000000, 0x00000000d2d00000, 0x00000000eab00000)
  object space 308224K, 74% used [0x00000000c0000000,0x00000000ce0f9b58,0x00000000d2d00000)
 Metaspace       used 134068K, capacity 145280K, committed 145576K, reserved 1171456K
  class space    used 19056K, capacity 22876K, committed 22952K, reserved 1048576K
}
Event: 7822.681 GC heap before
{Heap before GC invocations=58 (full 14):
 PSYoungGen      total 270848K, used 218607K [0x00000000eab00000, 0x00000000fff80000, 0x0000000100000000)
  eden space 198656K, 100% used [0x00000000eab00000,0x00000000f6d00000,0x00000000f6d00000)
  from space 72192K, 27% used [0x00000000f6d00000,0x00000000f807bef0,0x00000000fb380000)
  to   space 71168K, 0% used [0x00000000fba00000,0x00000000fba00000,0x00000000fff80000)
 ParOldGen       total 308224K, used 230374K [0x00000000c0000000, 0x00000000d2d00000, 0x00000000eab00000)
  object space 308224K, 74% used [0x00000000c0000000,0x00000000ce0f9b58,0x00000000d2d00000)
 Metaspace       used 136604K, capacity 147959K, committed 148008K, reserved 1173504K
  class space    used 19476K, capacity 23334K, committed 23336K, reserved 1048576K
Event: 7822.710 GC heap after
Heap after GC invocations=58 (full 14):
 PSYoungGen      total 272384K, used 23161K [0x00000000eab00000, 0x00000000ffb00000, 0x0000000100000000)
  eden space 205824K, 0% used [0x00000000eab00000,0x00000000eab00000,0x00000000f7400000)
  from space 66560K, 34% used [0x00000000fba00000,0x00000000fd09e5f0,0x00000000ffb00000)
  to   space 69120K, 0% used [0x00000000f7400000,0x00000000f7400000,0x00000000fb780000)
 ParOldGen       total 308224K, used 230382K [0x00000000c0000000, 0x00000000d2d00000, 0x00000000eab00000)
  object space 308224K, 74% used [0x00000000c0000000,0x00000000ce0fbb58,0x00000000d2d00000)
 Metaspace       used 136604K, capacity 147959K, committed 148008K, reserved 1173504K
  class space    used 19476K, capacity 23334K, committed 23336K, reserved 1048576K
}
Event: 7824.439 GC heap before
{Heap before GC invocations=59 (full 14):
 PSYoungGen      total 272384K, used 228985K [0x00000000eab00000, 0x00000000ffb00000, 0x0000000100000000)
  eden space 205824K, 100% used [0x00000000eab00000,0x00000000f7400000,0x00000000f7400000)
  from space 66560K, 34% used [0x00000000fba00000,0x00000000fd09e5f0,0x00000000ffb00000)
  to   space 69120K, 0% used [0x00000000f7400000,0x00000000f7400000,0x00000000fb780000)
 ParOldGen       total 308224K, used 230382K [0x00000000c0000000, 0x00000000d2d00000, 0x00000000eab00000)
  object space 308224K, 74% used [0x00000000c0000000,0x00000000ce0fbb58,0x00000000d2d00000)
 Metaspace       used 143325K, capacity 155524K, committed 155816K, reserved 1179648K
  class space    used 20506K, capacity 24662K, committed 24744K, reserved 1048576K
Event: 7824.470 GC heap after
Heap after GC invocations=59 (full 14):
 PSYoungGen      total 274944K, used 44530K [0x00000000eab00000, 0x0000000100000000, 0x0000000100000000)
  eden space 205824K, 0% used [0x00000000eab00000,0x00000000eab00000,0x00000000f7400000)
  from space 69120K, 64% used [0x00000000f7400000,0x00000000f9f7ca28,0x00000000fb780000)
  to   space 69632K, 0% used [0x00000000fbc00000,0x00000000fbc00000,0x0000000100000000)
 ParOldGen       total 308224K, used 230382K [0x00000000c0000000, 0x00000000d2d00000, 0x00000000eab00000)
  object space 308224K, 74% used [0x00000000c0000000,0x00000000ce0fbb58,0x00000000d2d00000)
 Metaspace       used 143325K, capacity 155524K, committed 155816K, reserved 1179648K
  class space    used 20506K, capacity 24662K, committed 24744K, reserved 1048576K
}
Event: 7829.994 GC heap before
{Heap before GC invocations=60 (full 14):
 PSYoungGen      total 274944K, used 177968K [0x00000000eab00000, 0x0000000100000000, 0x0000000100000000)
  eden space 205824K, 64% used [0x00000000eab00000,0x00000000f2d4f658,0x00000000f7400000)
  from space 69120K, 64% used [0x00000000f7400000,0x00000000f9f7ca28,0x00000000fb780000)
  to   space 69632K, 0% used [0x00000000fbc00000,0x00000000fbc00000,0x0000000100000000)
 ParOldGen       total 308224K, used 230382K [0x00000000c0000000, 0x00000000d2d00000, 0x00000000eab00000)
  object space 308224K, 74% used [0x00000000c0000000,0x00000000ce0fbb58,0x00000000d2d00000)
 Metaspace       used 144792K, capacity 157220K, committed 157352K, reserved 1181696K
  class space    used 20749K, capacity 24994K, committed 25000K, reserved 1048576K
Event: 7830.018 GC heap after
Heap after GC invocations=60 (full 14):
 PSYoungGen      total 280064K, used 41258K [0x00000000eab00000, 0x0000000100000000, 0x0000000100000000)
  eden space 210432K, 0% used [0x00000000eab00000,0x00000000eab00000,0x00000000f7880000)
  from space 69632K, 59% used [0x00000000fbc00000,0x00000000fe44abf0,0x0000000100000000)
  to   space 69120K, 0% used [0x00000000f7880000,0x00000000f7880000,0x00000000fbc00000)
 ParOldGen       total 308224K, used 230390K [0x00000000c0000000, 0x00000000d2d00000, 0x00000000eab00000)
  object space 308224K, 74% used [0x00000000c0000000,0x00000000ce0fdb58,0x00000000d2d00000)
 Metaspace       used 144792K, capacity 157220K, committed 157352K, reserved 1181696K
  class space    used 20749K, capacity 24994K, committed 25000K, reserved 1048576K
}
Event: 7830.018 GC heap before
{Heap before GC invocations=61 (full 15):
 PSYoungGen      total 280064K, used 41258K [0x00000000eab00000, 0x0000000100000000, 0x0000000100000000)
  eden space 210432K, 0% used [0x00000000eab00000,0x00000000eab00000,0x00000000f7880000)
  from space 69632K, 59% used [0x00000000fbc00000,0x00000000fe44abf0,0x0000000100000000)
  to   space 69120K, 0% used [0x00000000f7880000,0x00000000f7880000,0x00000000fbc00000)
 ParOldGen       total 308224K, used 230390K [0x00000000c0000000, 0x00000000d2d00000, 0x00000000eab00000)
  object space 308224K, 74% used [0x00000000c0000000,0x00000000ce0fdb58,0x00000000d2d00000)
 Metaspace       used 144792K, capacity 157220K, committed 157352K, reserved 1181696K
  class space    used 20749K, capacity 24994K, committed 25000K, reserved 1048576K
Event: 7830.676 GC heap after
Heap after GC invocations=61 (full 15):
 PSYoungGen      total 280064K, used 0K [0x00000000eab00000, 0x0000000100000000, 0x0000000100000000)
  eden space 210432K, 0% used [0x00000000eab00000,0x00000000eab00000,0x00000000f7880000)
  from space 69632K, 0% used [0x00000000fbc00000,0x00000000fbc00000,0x0000000100000000)
  to   space 69120K, 0% used [0x00000000f7880000,0x00000000f7880000,0x00000000fbc00000)
 ParOldGen       total 308224K, used 229338K [0x00000000c0000000, 0x00000000d2d00000, 0x00000000eab00000)
  object space 308224K, 74% used [0x00000000c0000000,0x00000000cdff6bd0,0x00000000d2d00000)
 Metaspace       used 142984K, capacity 153674K, committed 157352K, reserved 1181696K
  class space    used 20051K, capacity 23762K, committed 25000K, reserved 1048576K
}
Event: 8004.122 GC heap before
{Heap before GC invocations=62 (full 15):
 PSYoungGen      total 280064K, used 210432K [0x00000000eab00000, 0x0000000100000000, 0x0000000100000000)
  eden space 210432K, 100% used [0x00000000eab00000,0x00000000f7880000,0x00000000f7880000)
  from space 69632K, 0% used [0x00000000fbc00000,0x00000000fbc00000,0x0000000100000000)
  to   space 69120K, 0% used [0x00000000f7880000,0x00000000f7880000,0x00000000fbc00000)
 ParOldGen       total 308224K, used 229338K [0x00000000c0000000, 0x00000000d2d00000, 0x00000000eab00000)
  object space 308224K, 74% used [0x00000000c0000000,0x00000000cdff6bd0,0x00000000d2d00000)
 Metaspace       used 148350K, capacity 159841K, committed 161704K, reserved 1185792K
  class space    used 20849K, capacity 24837K, committed 25512K, reserved 1048576K

Deoptimization events (10 events):
Event: 7824.438 Thread 0x000000000c78e000 Uncommon trap: reason=class_check action=maybe_recompile pc=0x0000000010c371b4 method=com.sun.org.apache.xerces.internal.dom.NamedNodeMapImpl.getNamedItem(Ljava/lang/String;)Lorg/w3c/dom/Node; @ 25
Event: 7824.438 Thread 0x000000000c78e000 Uncommon trap: reason=class_check action=maybe_recompile pc=0x0000000010c371b4 method=com.sun.org.apache.xerces.internal.dom.NamedNodeMapImpl.getNamedItem(Ljava/lang/String;)Lorg/w3c/dom/Node; @ 25
Event: 7824.470 Thread 0x000000000c78e000 Uncommon trap: reason=class_check action=maybe_recompile pc=0x000000001114ecf8 method=com.sun.org.apache.xerces.internal.impl.XMLEntityManager.setProperty(Ljava/lang/String;Ljava/lang/Object;)V @ 102
Event: 7824.472 Thread 0x000000000c78e000 Uncommon trap: reason=class_check action=maybe_recompile pc=0x000000001114ecf8 method=com.sun.org.apache.xerces.internal.impl.XMLEntityManager.setProperty(Ljava/lang/String;Ljava/lang/Object;)V @ 102
Event: 7824.477 Thread 0x000000000c78e000 Uncommon trap: reason=speculate_class_check action=maybe_recompile pc=0x000000000fc09228 method=com.sun.org.apache.xerces.internal.dom.ElementImpl.getNodeName()Ljava/lang/String; @ 8
Event: 7824.483 Thread 0x000000000c78e000 Uncommon trap: reason=speculate_class_check action=maybe_recompile pc=0x000000000fc09228 method=com.sun.org.apache.xerces.internal.dom.ElementImpl.getNodeName()Ljava/lang/String; @ 8
Event: 8003.061 Thread 0x000000000c78d000 Uncommon trap: reason=predicate action=maybe_recompile pc=0x0000000012316df4 method=java.util.ComparableTimSort.mergeLo(IIII)V @ 147
Event: 8003.213 Thread 0x000000000c78d000 Uncommon trap: reason=array_check action=maybe_recompile pc=0x00000000123dbcf0 method=java.util.ComparableTimSort.mergeLo(IIII)V @ 207
Event: 8003.213 Thread 0x000000000c78d000 Uncommon trap: reason=array_check action=maybe_recompile pc=0x00000000123dbcf0 method=java.util.ComparableTimSort.mergeLo(IIII)V @ 207
Event: 8004.112 Thread 0x000000000c78d000 Uncommon trap: reason=array_check action=maybe_recompile pc=0x00000000123fa3e0 method=java.util.ComparableTimSort.mergeLo(IIII)V @ 240

Internal exceptions (10 events):
Event: 8004.115 Thread 0x000000000c78d000 Exception <a 'java/security/PrivilegedActionException'> (0x00000000f7750108) thrown at [D:\re\workspace\8-2-build-windows-amd64-cygwin\jdk8u25\1677\hotspot\src\share\vm\prims\jvm.cpp, line 1312]
Event: 8004.115 Thread 0x000000000c78d000 Exception <a 'java/security/PrivilegedActionException'> (0x00000000f77517f0) thrown at [D:\re\workspace\8-2-build-windows-amd64-cygwin\jdk8u25\1677\hotspot\src\share\vm\prims\jvm.cpp, line 1312]
Event: 8004.115 Thread 0x000000000c78d000 Exception <a 'java/security/PrivilegedActionException'> (0x00000000f775a688) thrown at [D:\re\workspace\8-2-build-windows-amd64-cygwin\jdk8u25\1677\hotspot\src\share\vm\prims\jvm.cpp, line 1312]
Event: 8004.115 Thread 0x000000000c78d000 Exception <a 'java/lang/ClassNotFoundException': com/android/build/gradle/internal/tasks/DeviceProviderInstrumentTestTask_DecoratedCustomizer> (0x00000000f775af60) thrown at [D:\re\workspace\8-2-build-windows-amd64-cygwin\jdk8u25\1677\hotspot\src\share\vm\F›ÿD¿@
Event: 8004.121 Thread 0x000000000c78d000 Exception <a 'java/security/PrivilegedActionException'> (0x00000000f785e208) thrown at [D:\re\workspace\8-2-build-windows-amd64-cygwin\jdk8u25\1677\hotspot\src\share\vm\prims\jvm.cpp, line 1312]
Event: 8004.121 Thread 0x000000000c78d000 Exception <a 'java/security/PrivilegedActionException'> (0x00000000f785f790) thrown at [D:\re\workspace\8-2-build-windows-amd64-cygwin\jdk8u25\1677\hotspot\src\share\vm\prims\jvm.cpp, line 1312]
Event: 8004.121 Thread 0x000000000c78d000 Exception <a 'java/security/PrivilegedActionException'> (0x00000000f786a3b8) thrown at [D:\re\workspace\8-2-build-windows-amd64-cygwin\jdk8u25\1677\hotspot\src\share\vm\prims\jvm.cpp, line 1312]
Event: 8004.122 Thread 0x000000000c78d000 Exception <a 'java/security/PrivilegedActionException'> (0x00000000f7872b48) thrown at [D:\re\workspace\8-2-build-windows-amd64-cygwin\jdk8u25\1677\hotspot\src\share\vm\prims\jvm.cpp, line 1312]
Event: 8004.122 Thread 0x000000000c78d000 Exception <a 'java/security/PrivilegedActionException'> (0x00000000f78740d0) thrown at [D:\re\workspace\8-2-build-windows-amd64-cygwin\jdk8u25\1677\hotspot\src\share\vm\prims\jvm.cpp, line 1312]
Event: 8004.122 Thread 0x000000000c78d000 Exception <a 'java/security/PrivilegedActionException'> (0x00000000f787ecf8) thrown at [D:\re\workspace\8-2-build-windows-amd64-cygwin\jdk8u25\1677\hotspot\src\share\vm\prims\jvm.cpp, line 1312]

Events (10 events):
Event: 8004.114 loading class com/android/build/gradle/internal/tasks/DeviceProviderInstrumentTestTaskCustomizer done
Event: 8004.115 loading class com/android/build/gradle/internal/tasks/DeviceProviderInstrumentTestTask_DecoratedCustomizer
Event: 8004.115 loading class com/android/build/gradle/internal/tasks/DeviceProviderInstrumentTestTask_DecoratedCustomizer done
Event: 8004.115 loading class com/android/build/gradle/internal/tasks/DeviceProviderInstrumentTestTask_DecoratedCustomizer
Event: 8004.115 loading class com/android/build/gradle/internal/tasks/DeviceProviderInstrumentTestTask_DecoratedCustomizer done
Event: 8004.121 loading class groovy/runtime/metaclass/com/android/build/gradle/BasePlugin$_createDeviceProviderInstrumentTestTask_closure115MetaClass
Event: 8004.121 loading class groovy/runtime/metaclass/com/android/build/gradle/BasePlugin$_createDeviceProviderInstrumentTestTask_closure115MetaClass done
Event: 8004.122 loading class groovy/runtime/metaclass/com/android/build/gradle/BasePlugin$_createDeviceProviderInstrumentTestTask_closure116MetaClass
Event: 8004.122 loading class groovy/runtime/metaclass/com/android/build/gradle/BasePlugin$_createDeviceProviderInstrumentTestTask_closure116MetaClass done
Event: 8004.122 Executing VM operation: ParallelGCFailedAllocation


Dynamic libraries:
0x000000013f170000 - 0x000000013f1a4000 	C:\Program Files\Java\jdk1.8.0_25\bin\java.exe
0x0000000077540000 - 0x00000000776e9000 	C:\Windows\SYSTEM32\ntdll.dll
0x0000000077320000 - 0x000000007743f000 	C:\Windows\system32\kernel32.dll
0x000007fefd4f0000 - 0x000007fefd55c000 	C:\Windows\system32\KERNELBASE.dll
0x000007feff1e0000 - 0x000007feff2bb000 	C:\Windows\system32\ADVAPI32.dll
0x000007fefe790000 - 0x000007fefe82f000 	C:\Windows\system32\msvcrt.dll
0x000007feff2c0000 - 0x000007feff2df000 	C:\Windows\SYSTEM32\sechost.dll
0x000007fefe920000 - 0x000007fefea4d000 	C:\Windows\system32\RPCRT4.dll
0x0000000077440000 - 0x000000007753a000 	C:\Windows\system32\USER32.dll
0x000007fefea80000 - 0x000007fefeae7000 	C:\Windows\system32\GDI32.dll
0x000007feff130000 - 0x000007feff13e000 	C:\Windows\system32\LPK.dll
0x000007fefe5e0000 - 0x000007fefe6a9000 	C:\Windows\system32\USP10.dll
0x000007fefbeb0000 - 0x000007fefc0a4000 	C:\Windows\WinSxS\amd64_microsoft.windows.common-controls_6595b64144ccf1df_6.0.7601.17514_none_fa396087175ac9ac\COMCTL32.dll
0x000007fefe6b0000 - 0x000007fefe721000 	C:\Windows\system32\SHLWAPI.dll
0x000007fefea50000 - 0x000007fefea7e000 	C:\Windows\system32\IMM32.DLL
0x000007fefebe0000 - 0x000007fefece9000 	C:\Windows\system32\MSCTF.dll
0x000007fefd400000 - 0x000007fefd432000 	C:\Windows\system32\nvinitx.dll
0x000007fefd3f0000 - 0x000007fefd3fc000 	C:\Windows\system32\VERSION.dll
0x000000000f000000 - 0x000000000f006000 	C:\Program Files\NVIDIA Corporation\CoProcManager\detoured.dll
0x000007fef9750000 - 0x000007fef9782000 	C:\Program Files\NVIDIA Corporation\CoProcManager\nvd3d9wrapx.dll
0x000007feff540000 - 0x000007feff717000 	C:\Windows\system32\SETUPAPI.dll
0x000007fefd560000 - 0x000007fefd596000 	C:\Windows\system32\CFGMGR32.dll
0x000007fefeaf0000 - 0x000007fefebc7000 	C:\Windows\system32\OLEAUT32.dll
0x000007fefef20000 - 0x000007feff123000 	C:\Windows\system32\ole32.dll
0x000007fefd710000 - 0x000007fefd72a000 	C:\Windows\system32\DEVOBJ.dll
0x000007fef96a0000 - 0x000007fef96c2000 	C:\Program Files\NVIDIA Corporation\CoProcManager\nvdxgiwrapx.dll
0x0000000056310000 - 0x00000000563e2000 	C:\Program Files\Java\jdk1.8.0_25\jre\bin\msvcr100.dll
0x000000006f5b0000 - 0x000000006fe0a000 	C:\Program Files\Java\jdk1.8.0_25\jre\bin\server\jvm.dll
0x000007feebc70000 - 0x000007feebc79000 	C:\Windows\system32\WSOCK32.dll
0x000007fefe8d0000 - 0x000007fefe91d000 	C:\Windows\system32\WS2_32.dll
0x000007fefebd0000 - 0x000007fefebd8000 	C:\Windows\system32\NSI.dll
0x000007fefb2d0000 - 0x000007fefb30b000 	C:\Windows\system32\WINMM.dll
0x0000000077710000 - 0x0000000077717000 	C:\Windows\system32\PSAPI.DLL
0x0000000074230000 - 0x000000007423f000 	C:\Program Files\Java\jdk1.8.0_25\jre\bin\verify.dll
0x0000000074090000 - 0x00000000740b8000 	C:\Program Files\Java\jdk1.8.0_25\jre\bin\java.dll
0x0000000074070000 - 0x0000000074086000 	C:\Program Files\Java\jdk1.8.0_25\jre\bin\zip.dll
0x000007fefd850000 - 0x000007fefe5d9000 	C:\Windows\system32\SHELL32.dll
0x000007fefd440000 - 0x000007fefd44f000 	C:\Windows\system32\profapi.dll
0x000007fefccc0000 - 0x000007fefccd8000 	C:\Windows\system32\CRYPTSP.dll
0x000007fefc9c0000 - 0x000007fefca07000 	C:\Windows\system32\rsaenh.dll
0x000007fefc730000 - 0x000007fefc74e000 	C:\Windows\system32\USERENV.dll
0x000007fefd320000 - 0x000007fefd32f000 	C:\Windows\system32\CRYPTBASE.dll
0x0000000074020000 - 0x000000007403a000 	C:\Program Files\Java\jdk1.8.0_25\jre\bin\net.dll
0x000007fefcc60000 - 0x000007fefccb5000 	C:\Windows\system32\mswsock.dll
0x000007fefcc50000 - 0x000007fefcc57000 	C:\Windows\System32\wship6.dll
0x000007fefadf0000 - 0x000007fefae17000 	C:\Windows\system32\IPHLPAPI.DLL
0x000007fefade0000 - 0x000007fefadeb000 	C:\Windows\system32\WINNSI.DLL
0x000007fefab20000 - 0x000007fefab38000 	C:\Windows\system32\dhcpcsvc.DLL
0x000007fefaa40000 - 0x000007fefaa51000 	C:\Windows\system32\dhcpcsvc6.DLL
0x0000000074000000 - 0x0000000074011000 	C:\Program Files\Java\jdk1.8.0_25\jre\bin\nio.dll
0x000007fee9a30000 - 0x000007fee9a42000 	C:\Users\houxg\AppData\Local\Temp\native-platform6285243598978746828dir\native-platform.dll
0x000007fefd2c0000 - 0x000007fefd317000 	C:\Windows\system32\apphelp.dll
0x000007fef8b70000 - 0x000007fef8c95000 	C:\Windows\system32\dbghelp.dll

VM Arguments:
jvm_args: -XX:MaxPermSize=256m -XX:+HeapDumpOnOutOfMemoryError -Xmx1024m -Dfile.encoding=GBK -Duser.country=CN -Duser.language=zh -Duser.variant 
java_command: org.gradle.launcher.daemon.bootstrap.GradleDaemon 2.2.1 C:\Users\houxg\.gradle\daemon 10800000 b82e3db7-d793-460a-b3b6-bd9cf421c792 -XX:MaxPermSize=256m -XX:+HeapDumpOnOutOfMemoryError -Xmx1024m -Dfile.encoding=GBK -Duser.country=CN -Duser.language=zh -Duser.variant
java_class_path (initial): D:\Program Files\Android\Android Studio\gradle\gradle-2.2.1\lib\gradle-launcher-2.2.1.jar
Launcher Type: SUN_STANDARD

Environment Variables:
JAVA_HOME=C:\Program Files\Java\jdk1.8.0_25
CLASSPATH=.;C:\Program Files\Java\jdk1.8.0_25\lib;C:\Program Files\Java\jdk1.8.0_25\lib\tools.jar
PATH=C:\Program Files (x86)\NVIDIA Corporation\PhysX\Common;C:\ProgramData\Oracle\Java\javapath;C:\Program Files (x86)\Intel\iCLS Client\;C:\Program Files\Intel\iCLS Client\;C:\Windows\system32;C:\Windows;C:\Windows\System32\Wbem;C:\Windows\System32\WindowsPowerShell\v1.0\;C:\Program Files\Intel\Intel(R) Management Engine Components\DAL;C:\Program Files (x86)\Intel\Intel(R) Management Engine Components\DAL;C:\Program Files\Intel\Intel(R) Management Engine Components\IPT;C:\Program Files (x86)\Intel\Intel(R) Management Engine Components\IPT;C:\Program Files\Microsoft\Web Platform Installer\;C:\Program Files (x86)\Microsoft ASP.NET\ASP.NET Web Pages\v1.0\;C:\Program Files (x86)\Windows Kits\8.0\Windows Performance Toolkit\;C:\Program Files\Microsoft SQL Server\110\Tools\Binn\;C:\Program Files\Java\jdk1.8.0_25\bin;C:\Program Files\Java\jdk1.8.0_25\jre\bin;C:\Program Files\TortoiseSVN\bin;D:\Program Files (x86)\Android\android-sdk\platform-tools
USERNAME=houxg
OS=Windows_NT
PROCESSOR_IDENTIFIER=Intel64 Family 6 Model 60 Stepping 3, GenuineIntel



---------------  S Y S T E M  ---------------

OS: Windows 7 , 64 bit Build 7601 Service Pack 1

CPU:total 8 (4 cores per cpu, 2 threads per core) family 6 model 60 stepping 3, cmov, cx8, fxsr, mmx, sse, sse2, sse3, ssse3, sse4.1, sse4.2, popcnt, avx, avx2, aes, clmul, erms, lzcnt, ht, tsc, tscinvbit, bmi1, bmi2

Memory: 4k page, physical 8302828k(1043372k free), swap 16603800k(7827836k free)

vm_info: Java HotSpot(TM) 64-Bit Server VM (25.25-b02) for windows-amd64 JRE (1.8.0_25-b18), built on Oct  7 2014 14:25:37 by "java_re" with MS VC++ 10.0 (VS2010)

time: Sat Apr 25 16:30:56 2015
elapsed time: 8004 seconds (0d 2h 13m 24s)

