#
# A fatal error has been detected by the Java Runtime Environment:
#
#  EXCEPTION_ACCESS_VIOLATION (0xc0000005) at pc=0x000000006f98d453, pid=1220, tid=23612
#
# JRE version: Java(TM) SE Runtime Environment (8.0_25-b18) (build 1.8.0_25-b18)
# Java VM: Java HotSpot(TM) 64-Bit Server VM (25.25-b02 mixed mode windows-amd64 compressed oops)
# Problematic frame:
# V  [jvm.dll+0x3dd453]
#
# Failed to write core dump. Minidumps are not enabled by default on client versions of Windows
#
# If you would like to submit a bug report, please visit:
#   http://bugreport.sun.com/bugreport/crash.jsp
#

---------------  T H R E A D  ---------------

Current thread (0x00000000025d9800):  GCTaskThread [stack: 0x0000000003ab0000,0x0000000003bb0000] [id=23612]

siginfo: ExceptionCode=0xc0000005, reading address 0x0000000000000128

Registers:
RAX=0x0000000000000000, RBX=0x0000000003baf6c8, RCX=0x00000000802b8f40, RDX=0x00000000078d0090
RSP=0x0000000003baf620, RBP=0x00000000068e0000, RSI=0x00000000068df5c9, RDI=0x0000000000000003
R8 =0x00000000c129f098, R9 =0x00000000802b8f40, R10=0x00000000001a3800, R11=0x00000000c129f098
R12=0x000000006fd8d490, R13=0x000000000000068d, R14=0x00000000f4700000, R15=0x0000000003baf6c8
RIP=0x000000006f98d453, EFLAGS=0x0000000000010207

Top of Stack: (sp=0x0000000003baf620)
0x0000000003baf620:   0000000003baf6c8 00000000068e0000
0x0000000003baf630:   00000000068df5c1 000000006f98bf15
0x0000000003baf640:   00000000068e0000 000000006f982ecd
0x0000000003baf650:   00000000068df5c7 000000006f98d369
0x0000000003baf660:   0000000000000002 000000006f98d28f
0x0000000003baf670:   00000000f4ce9030 00000000f4700000
0x0000000003baf680:   000000000000068d 0000000000000002
0x0000000003baf690:   0000000000280000 000000006f98ea04
0x0000000003baf6a0:   00000000f4680000 0000000003baf708
0x0000000003baf6b0:   00000000f4680000 000000006f98d0b2
0x0000000003baf6c0:   0000000000280000 000000006fbd4c78
0x0000000003baf6d0:   000000006fd8d490 00000000078d0090
0x0000000003baf6e0:   000000000000c1ed 00000000f46fae38
0x0000000003baf6f0:   00000000025c6680 00000000c129f098
0x0000000003baf700:   000000000027eaa0 00000000025d9a50
0x0000000003baf710:   00000000025d9a40 00000000025cd890 

Instructions: (pc=0x000000006f98d453)
0x000000006f98d433:   03 0d 07 f1 38 00 eb 04 4d 8b 48 08 41 81 79 08
0x000000006f98d443:   00 00 00 c0 73 10 49 8b 01 48 8b 53 10 49 8b c9
0x000000006f98d453:   ff 90 28 01 00 00 48 29 7b 18 48 8d 04 fd 00 00
0x000000006f98d463:   00 00 b9 02 00 00 00 48 01 43 20 48 01 43 30 33 


Register to memory mapping:

RAX=0x0000000000000000 is an unknown value
RBX=0x0000000003baf6c8 is an unknown value
RCX=0x00000000802b8f40 is pointing into metadata
RDX=0x00000000078d0090 is an unknown value
RSP=0x0000000003baf620 is an unknown value
RBP=0x00000000068e0000 is an unknown value
RSI=0x00000000068df5c9 is an unknown value
RDI=0x0000000000000003 is an unknown value
R8 =
[error occurred during error reporting (printing register info), id 0xc0000005]

Stack: [0x0000000003ab0000,0x0000000003bb0000],  sp=0x0000000003baf620,  free space=1021k
Native frames: (J=compiled Java code, j=interpreted, Vv=VM code, C=native code)
V  [jvm.dll+0x3dd453]
V  [jvm.dll+0x3d2ecd]
V  [jvm.dll+0x3dea04]
V  [jvm.dll+0x3d3d7d]
V  [jvm.dll+0x3d14ae]
V  [jvm.dll+0x2852fa]
C  [msvcr100.dll+0x21d9f]
C  [msvcr100.dll+0x21e3b]
C  [kernel32.dll+0x159ed]
C  [ntdll.dll+0x2c541]


---------------  P R O C E S S  ---------------

Java Threads: ( => current thread )
  0x000000001f189800 JavaThread "File lock request listener" [_thread_in_native, id=22396, stack(0x000000000eef0000,0x000000000eff0000)]
  0x000000000a218000 JavaThread "Stdin handler" [_thread_blocked, id=9028, stack(0x000000000bc80000,0x000000000bd80000)]
  0x000000000a21e000 JavaThread "Daemon worker" [_thread_blocked, id=21344, stack(0x000000000b380000,0x000000000b480000)]
  0x000000000a1f7800 JavaThread "Cancel handler" [_thread_blocked, id=26396, stack(0x000000000baf0000,0x000000000bbf0000)]
  0x000000000a1aa000 JavaThread "Handler for socket connection from /127.0.0.1:21833 to /127.0.0.1:21834" [_thread_in_native, id=17412, stack(0x000000000b950000,0x000000000ba50000)]
  0x000000000a1a7800 JavaThread "Daemon" [_thread_blocked, id=23924, stack(0x000000000b7d0000,0x000000000b8d0000)]
  0x000000000a15a000 JavaThread "Incoming local TCP Connector on port 21833" [_thread_in_native, id=17920, stack(0x000000000b4b0000,0x000000000b5b0000)]
  0x0000000007a17800 JavaThread "Service Thread" daemon [_thread_blocked, id=4048, stack(0x0000000008ec0000,0x0000000008fc0000)]
  0x0000000007990000 JavaThread "C1 CompilerThread3" daemon [_thread_blocked, id=3796, stack(0x0000000009340000,0x0000000009440000)]
  0x000000000798f000 JavaThread "C2 CompilerThread2" daemon [_thread_blocked, id=18028, stack(0x0000000009240000,0x0000000009340000)]
  0x000000000798a000 JavaThread "C2 CompilerThread1" daemon [_thread_in_native, id=10356, stack(0x0000000009140000,0x0000000009240000)]
  0x0000000007985000 JavaThread "C2 CompilerThread0" daemon [_thread_in_native, id=17700, stack(0x0000000008fd0000,0x00000000090d0000)]
  0x0000000007978000 JavaThread "Attach Listener" daemon [_thread_blocked, id=5240, stack(0x0000000008da0000,0x0000000008ea0000)]
  0x0000000007960000 JavaThread "Signal Dispatcher" daemon [_thread_blocked, id=23360, stack(0x0000000008c70000,0x0000000008d70000)]
  0x000000000679d000 JavaThread "Finalizer" daemon [_thread_blocked, id=12676, stack(0x0000000008990000,0x0000000008a90000)]
  0x0000000007913000 JavaThread "Reference Handler" daemon [_thread_blocked, id=21512, stack(0x0000000008b30000,0x0000000008c30000)]
  0x000000000027f800 JavaThread "main" [_thread_blocked, id=11920, stack(0x0000000002900000,0x0000000002a00000)]

Other Threads:
  0x0000000007911800 VMThread [stack: 0x0000000008860000,0x0000000008960000] [id=17668]
  0x0000000007a27000 WatcherThread [stack: 0x0000000009460000,0x0000000009560000] [id=19776]

=>0x00000000025d9800 (exited) GCTaskThread [stack: 0x0000000003ab0000,0x0000000003bb0000] [id=23612]

VM state:at safepoint (normal execution)

VM Mutex/Monitor currently owned by a thread:  ([mutex/lock_event])
[0x000000000027d8a0] Threads_lock - owner thread: 0x0000000007911800
[0x000000000027dda0] Heap_lock - owner thread: 0x0000000007990000
[0x000000000027e320] MethodData_lock - owner thread: 0x0000000007990000

Heap:
 PSYoungGen      total 172032K, used 12708K [0x00000000eab00000, 0x00000000fb080000, 0x0000000100000000)
  eden space 153088K, 0% used [0x00000000eab00000,0x00000000eab00000,0x00000000f4080000)
  from space 18944K, 67% used [0x00000000f4080000,0x00000000f4ce9030,0x00000000f5300000)
  to   space 19456K, 0% used [0x00000000f9d80000,0x00000000f9d80000,0x00000000fb080000)
 ParOldGen       total 58368K, used 17658K [0x00000000c0000000, 0x00000000c3900000, 0x00000000eab00000)
  object space 58368K, 30% used [0x00000000c0000000,0x00000000c113ea08,0x00000000c3900000)
 Metaspace       used 34170K, capacity 35410K, committed 35496K, reserved 1079296K
  class space    used 4561K, capacity 5048K, committed 5120K, reserved 1048576K

Card table byte_map: [0x0000000002dc0000,0x0000000002fd0000] byte_map_base: 0x00000000027c0000

Marking Bits: (ParMarkBitMap*) 0x000000006fd8d490
 Begin Bits: [0x0000000003bb0000, 0x0000000004bb0000)
 End Bits:   [0x0000000004bb0000, 0x0000000005bb0000)

Polling page: 0x0000000000230000

CodeCache: size=245760Kb used=14311Kb max_used=14479Kb free=231448Kb
 bounds [0x000000000f010000, 0x000000000fe40000, 0x000000001e010000]
 total_blobs=4330 nmethods=3677 adapters=565
 compilation: enabled

Compilation events (10 events):
Event: 7.068 Thread 0x0000000007990000 nmethod 3886 0x000000000f38efd0 code [0x000000000f38f140, 0x000000000f38f418]
Event: 7.069 Thread 0x0000000007990000 3887   !   3       org.codehaus.groovy.runtime.callsite.GetEffectivePojoPropertySite::getProperty (15 bytes)
Event: 7.069 Thread 0x0000000007990000 nmethod 3887 0x000000000f38ea90 code [0x000000000f38ec00, 0x000000000f38ee78]
Event: 7.069 Thread 0x0000000007990000 3888  s!   3       sun.security.jca.ProviderConfig::getProvider (115 bytes)
Event: 7.070 Thread 0x0000000007990000 nmethod 3888 0x000000000f26aed0 code [0x000000000f26b080, 0x000000000f26b8e8]
Event: 7.070 Thread 0x0000000007990000 3889       3       java.security.MessageDigest::digest (12 bytes)
Event: 7.070 Thread 0x0000000007990000 nmethod 3889 0x000000000f26aa90 code [0x000000000f26ac00, 0x000000000f26ae28]
Event: 7.070 Thread 0x0000000007990000 3890       3       org.codehaus.groovy.runtime.ArrayUtil::createArray (9 bytes)
Event: 7.070 Thread 0x0000000007990000 nmethod 3890 0x000000000f38e4d0 code [0x000000000f38e640, 0x000000000f38e910]
Event: 7.071 Thread 0x0000000007990000 3891  s    3       java.security.Provider::getService (92 bytes)

GC Heap History (10 events):
Event: 4.167 GC heap after
Heap after GC invocations=6 (full 1):
 PSYoungGen      total 71680K, used 932K [0x00000000eab00000, 0x00000000f2980000, 0x0000000100000000)
  eden space 66560K, 0% used [0x00000000eab00000,0x00000000eab00000,0x00000000eec00000)
  from space 5120K, 18% used [0x00000000eec00000,0x00000000eece9128,0x00000000ef100000)
  to   space 11264K, 0% used [0x00000000f1e80000,0x00000000f1e80000,0x00000000f2980000)
 ParOldGen       total 58368K, used 8214K [0x00000000c0000000, 0x00000000c3900000, 0x00000000eab00000)
  object space 58368K, 14% used [0x00000000c0000000,0x00000000c08059e0,0x00000000c3900000)
 Metaspace       used 21118K, capacity 21464K, committed 21760K, reserved 1069056K
  class space    used 2838K, capacity 2966K, committed 3072K, reserved 1048576K
}
Event: 4.472 GC heap before
{Heap before GC invocations=7 (full 1):
 PSYoungGen      total 71680K, used 67240K [0x00000000eab00000, 0x00000000f2980000, 0x0000000100000000)
  eden space 66560K, 99% used [0x00000000eab00000,0x00000000eebc1000,0x00000000eec00000)
  from space 5120K, 18% used [0x00000000eec00000,0x00000000eece9128,0x00000000ef100000)
  to   space 11264K, 0% used [0x00000000f1e80000,0x00000000f1e80000,0x00000000f2980000)
 ParOldGen       total 58368K, used 8214K [0x00000000c0000000, 0x00000000c3900000, 0x00000000eab00000)
  object space 58368K, 14% used [0x00000000c0000000,0x00000000c08059e0,0x00000000c3900000)
 Metaspace       used 22366K, capacity 22882K, committed 23168K, reserved 1069056K
  class space    used 2960K, capacity 3131K, committed 3200K, reserved 1048576K
Event: 4.475 GC heap after
Heap after GC invocations=7 (full 1):
 PSYoungGen      total 112128K, used 3220K [0x00000000eab00000, 0x00000000f2680000, 0x0000000100000000)
  eden space 103936K, 0% used [0x00000000eab00000,0x00000000eab00000,0x00000000f1080000)
  from space 8192K, 39% used [0x00000000f1e80000,0x00000000f21a5018,0x00000000f2680000)
  to   space 11264K, 0% used [0x00000000f1080000,0x00000000f1080000,0x00000000f1b80000)
 ParOldGen       total 58368K, used 8222K [0x00000000c0000000, 0x00000000c3900000, 0x00000000eab00000)
  object space 58368K, 14% used [0x00000000c0000000,0x00000000c08079e0,0x00000000c3900000)
 Metaspace       used 22366K, capacity 22882K, committed 23168K, reserved 1069056K
  class space    used 2960K, capacity 3131K, committed 3200K, reserved 1048576K
}
Event: 5.804 GC heap before
{Heap before GC invocations=8 (full 1):
 PSYoungGen      total 112128K, used 107156K [0x00000000eab00000, 0x00000000f2680000, 0x0000000100000000)
  eden space 103936K, 100% used [0x00000000eab00000,0x00000000f1080000,0x00000000f1080000)
  from space 8192K, 39% used [0x00000000f1e80000,0x00000000f21a5018,0x00000000f2680000)
  to   space 11264K, 0% used [0x00000000f1080000,0x00000000f1080000,0x00000000f1b80000)
 ParOldGen       total 58368K, used 8222K [0x00000000c0000000, 0x00000000c3900000, 0x00000000eab00000)
  object space 58368K, 14% used [0x00000000c0000000,0x00000000c08079e0,0x00000000c3900000)
 Metaspace       used 28411K, capacity 29112K, committed 29312K, reserved 1075200K
  class space    used 3698K, capacity 3967K, committed 3968K, reserved 1048576K
Event: 5.817 GC heap after
Heap after GC invocations=8 (full 1):
 PSYoungGen      total 115200K, used 10885K [0x00000000eab00000, 0x00000000f6000000, 0x0000000100000000)
  eden space 103936K, 0% used [0x00000000eab00000,0x00000000eab00000,0x00000000f1080000)
  from space 11264K, 96% used [0x00000000f1080000,0x00000000f1b216d8,0x00000000f1b80000)
  to   space 13312K, 0% used [0x00000000f5300000,0x00000000f5300000,0x00000000f6000000)
 ParOldGen       total 58368K, used 8230K [0x00000000c0000000, 0x00000000c3900000, 0x00000000eab00000)
  object space 58368K, 14% used [0x00000000c0000000,0x00000000c08099e0,0x00000000c3900000)
 Metaspace       used 28411K, capacity 29112K, committed 29312K, reserved 1075200K
  class space    used 3698K, capacity 3967K, committed 3968K, reserved 1048576K
}
Event: 6.838 GC heap before
{Heap before GC invocations=9 (full 1):
 PSYoungGen      total 115200K, used 114821K [0x00000000eab00000, 0x00000000f6000000, 0x0000000100000000)
  eden space 103936K, 100% used [0x00000000eab00000,0x00000000f1080000,0x00000000f1080000)
  from space 11264K, 96% used [0x00000000f1080000,0x00000000f1b216d8,0x00000000f1b80000)
  to   space 13312K, 0% used [0x00000000f5300000,0x00000000f5300000,0x00000000f6000000)
 ParOldGen       total 58368K, used 8230K [0x00000000c0000000, 0x00000000c3900000, 0x00000000eab00000)
  object space 58368K, 14% used [0x00000000c0000000,0x00000000c08099e0,0x00000000c3900000)
 Metaspace       used 33769K, capacity 34980K, committed 35200K, reserved 1079296K
  class space    used 4484K, capacity 4956K, committed 4992K, reserved 1048576K
Event: 6.917 GC heap after
Heap after GC invocations=9 (full 1):
 PSYoungGen      total 166400K, used 13280K [0x00000000eab00000, 0x00000000f7900000, 0x0000000100000000)
  eden space 153088K, 0% used [0x00000000eab00000,0x00000000eab00000,0x00000000f4080000)
  from space 13312K, 99% used [0x00000000f5300000,0x00000000f5ff8040,0x00000000f6000000)
  to   space 18944K, 0% used [0x00000000f4080000,0x00000000f4080000,0x00000000f5300000)
 ParOldGen       total 58368K, used 16070K [0x00000000c0000000, 0x00000000c3900000, 0x00000000eab00000)
  object space 58368K, 27% used [0x00000000c0000000,0x00000000c0fb18b8,0x00000000c3900000)
 Metaspace       used 33769K, capacity 34980K, committed 35200K, reserved 1079296K
  class space    used 4484K, capacity 4956K, committed 4992K, reserved 1048576K
}
Event: 7.071 GC heap before
{Heap before GC invocations=10 (full 1):
 PSYoungGen      total 166400K, used 30878K [0x00000000eab00000, 0x00000000f7900000, 0x0000000100000000)
  eden space 153088K, 11% used [0x00000000eab00000,0x00000000ebc2fba8,0x00000000f4080000)
  from space 13312K, 99% used [0x00000000f5300000,0x00000000f5ff8040,0x00000000f6000000)
  to   space 18944K, 0% used [0x00000000f4080000,0x00000000f4080000,0x00000000f5300000)
 ParOldGen       total 58368K, used 16070K [0x00000000c0000000, 0x00000000c3900000, 0x00000000eab00000)
  object space 58368K, 27% used [0x00000000c0000000,0x00000000c0fb18b8,0x00000000c3900000)
 Metaspace       used 34170K, capacity 35410K, committed 35496K, reserved 1079296K
  class space    used 4561K, capacity 5048K, committed 5120K, reserved 1048576K
Event: 7.109 GC heap after
Heap after GC invocations=10 (full 1):
 PSYoungGen      total 172032K, used 12708K [0x00000000eab00000, 0x00000000fb080000, 0x0000000100000000)
  eden space 153088K, 0% used [0x00000000eab00000,0x00000000eab00000,0x00000000f4080000)
  from space 18944K, 67% used [0x00000000f4080000,0x00000000f4ce9030,0x00000000f5300000)
  to   space 19456K, 0% used [0x00000000f9d80000,0x00000000f9d80000,0x00000000fb080000)
 ParOldGen       total 58368K, used 17658K [0x00000000c0000000, 0x00000000c3900000, 0x00000000eab00000)
  object space 58368K, 30% used [0x00000000c0000000,0x00000000c113ea08,0x00000000c3900000)
 Metaspace       used 34170K, capacity 35410K, committed 35496K, reserved 1079296K
  class space    used 4561K, capacity 5048K, committed 5120K, reserved 1048576K
}
Event: 7.109 GC heap before
{Heap before GC invocations=11 (full 2):
 PSYoungGen      total 172032K, used 12708K [0x00000000eab00000, 0x00000000fb080000, 0x0000000100000000)
  eden space 153088K, 0% used [0x00000000eab00000,0x00000000eab00000,0x00000000f4080000)
  from space 18944K, 67% used [0x00000000f4080000,0x00000000f4ce9030,0x00000000f5300000)
  to   space 19456K, 0% used [0x00000000f9d80000,0x00000000f9d80000,0x00000000fb080000)
 ParOldGen       total 58368K, used 17658K [0x00000000c0000000, 0x00000000c3900000, 0x00000000eab00000)
  object space 58368K, 30% used [0x00000000c0000000,0x00000000c113ea08,0x00000000c3900000)
 Metaspace       used 34170K, capacity 35410K, committed 35496K, reserved 1079296K
  class space    used 4561K, capacity 5048K, committed 5120K, reserved 1048576K

Deoptimization events (10 events):
Event: 6.547 Thread 0x000000000a21e000 Uncommon trap: reason=bimorphic action=maybe_recompile pc=0x000000000fc7b85c method=java.util.regex.Pattern$Curly.match(Ljava/util/regex/Matcher;ILjava/lang/CharSequence;)Z @ 19
Event: 6.547 Thread 0x000000000a21e000 Uncommon trap: reason=bimorphic action=maybe_recompile pc=0x000000000fc7b85c method=java.util.regex.Pattern$Curly.match(Ljava/util/regex/Matcher;ILjava/lang/CharSequence;)Z @ 19
Event: 6.651 Thread 0x000000000a21e000 Uncommon trap: reason=bimorphic action=maybe_recompile pc=0x000000000fc7b85c method=java.util.regex.Pattern$Curly.match(Ljava/util/regex/Matcher;ILjava/lang/CharSequence;)Z @ 19
Event: 6.710 Thread 0x000000000a21e000 Uncommon trap: reason=bimorphic action=maybe_recompile pc=0x000000000fdc28cc method=org.codehaus.groovy.util.SingleKeyHashMap.get(Ljava/lang/Object;)Ljava/lang/Object; @ 1
Event: 6.711 Thread 0x000000000a21e000 Uncommon trap: reason=bimorphic action=maybe_recompile pc=0x000000000fdc28cc method=org.codehaus.groovy.util.SingleKeyHashMap.get(Ljava/lang/Object;)Ljava/lang/Object; @ 1
Event: 6.773 Thread 0x000000000a21e000 Uncommon trap: reason=unreached action=reinterpret pc=0x000000000f9f1c18 method=java.net.URLClassLoader.isSealed(Ljava/lang/String;Ljava/util/jar/Manifest;)Z @ 26
Event: 6.797 Thread 0x000000000a21e000 Uncommon trap: reason=class_check action=maybe_recompile pc=0x000000000fc7139c method=com.sun.org.apache.xerces.internal.impl.XMLDocumentFragmentScannerImpl$FragmentContentDriver.next()I @ 2222
Event: 6.798 Thread 0x000000000a21e000 Uncommon trap: reason=unreached action=reinterpret pc=0x000000000fc72eb8 method=com.sun.org.apache.xerces.internal.utils.XMLLimitAnalyzer.isTracking(Ljava/lang/String;)Z @ 4
Event: 6.798 Thread 0x000000000a21e000 Uncommon trap: reason=unreached action=reinterpret pc=0x000000000fb9c4d0 method=com.sun.org.apache.xerces.internal.utils.XMLLimitAnalyzer.isTracking(Ljava/lang/String;)Z @ 4
Event: 6.799 Thread 0x000000000a21e000 Uncommon trap: reason=unreached action=reinterpret pc=0x000000000fbcdbe4 method=com.sun.org.apache.xerces.internal.utils.XMLLimitAnalyzer.isTracking(Ljava/lang/String;)Z @ 4

Internal exceptions (10 events):
Event: 7.061 Thread 0x000000000a21e000 Exception <a 'java/security/PrivilegedActionException'> (0x00000000eb9585c8) thrown at [D:\re\workspace\8-2-build-windows-amd64-cygwin\jdk8u25\1677\hotspot\src\share\vm\prims\jvm.cpp, line 1312]
Event: 7.061 Thread 0x000000000a21e000 Exception <a 'java/security/PrivilegedActionException'> (0x00000000eb95f0b8) thrown at [D:\re\workspace\8-2-build-windows-amd64-cygwin\jdk8u25\1677\hotspot\src\share\vm\prims\jvm.cpp, line 1312]
Event: 7.062 Thread 0x000000000a21e000 Exception <a 'java/security/PrivilegedActionException'> (0x00000000eb963a50) thrown at [D:\re\workspace\8-2-build-windows-amd64-cygwin\jdk8u25\1677\hotspot\src\share\vm\prims\jvm.cpp, line 1312]
Event: 7.062 Thread 0x000000000a21e000 Exception <a 'java/security/PrivilegedActionException'> (0x00000000eb965258) thrown at [D:\re\workspace\8-2-build-windows-amd64-cygwin\jdk8u25\1677\hotspot\src\share\vm\prims\jvm.cpp, line 1312]
Event: 7.062 Thread 0x000000000a21e000 Exception <a 'java/security/PrivilegedActionException'> (0x00000000eb96bec8) thrown at [D:\re\workspace\8-2-build-windows-amd64-cygwin\jdk8u25\1677\hotspot\src\share\vm\prims\jvm.cpp, line 1312]
Event: 7.063 Thread 0x000000000a21e000 Exception <a 'java/security/PrivilegedActionException'> (0x00000000eb972398) thrown at [D:\re\workspace\8-2-build-windows-amd64-cygwin\jdk8u25\1677\hotspot\src\share\vm\prims\jvm.cpp, line 1312]
Event: 7.063 Thread 0x000000000a21e000 Exception <a 'java/security/PrivilegedActionException'> (0x00000000eb973ee8) thrown at [D:\re\workspace\8-2-build-windows-amd64-cygwin\jdk8u25\1677\hotspot\src\share\vm\prims\jvm.cpp, line 1312]
Event: 7.063 Thread 0x000000000a21e000 Exception <a 'java/security/PrivilegedActionException'> (0x00000000eb97e820) thrown at [D:\re\workspace\8-2-build-windows-amd64-cygwin\jdk8u25\1677\hotspot\src\share\vm\prims\jvm.cpp, line 1312]
Event: 7.063 Thread 0x000000000a21e000 Exception <a 'java/security/PrivilegedActionException'> (0x00000000eb983da0) thrown at [D:\re\workspace\8-2-build-windows-amd64-cygwin\jdk8u25\1677\hotspot\src\share\vm\prims\jvm.cpp, line 1312]
Event: 7.063 Thread 0x000000000a21e000 Exception <a 'java/security/PrivilegedActionException'> (0x00000000eb985888) thrown at [D:\re\workspace\8-2-build-windows-amd64-cygwin\jdk8u25\1677\hotspot\src\share\vm\prims\jvm.cpp, line 1312]

Events (10 events):
Event: 7.059 loading class org/gradle/internal/resource/cached/ivy/AbstractCachedIndex$1 done
Event: 7.061 loading class org/gradle/internal/resource/cached/DefaultCachedArtifact
Event: 7.061 loading class org/gradle/internal/resource/cached/DefaultCachedArtifact done
Event: 7.062 loading class org/gradle/api/internal/artifacts/DefaultArtifactIdentifier
Event: 7.062 loading class org/gradle/api/internal/artifacts/DefaultArtifactIdentifier done
Event: 7.063 loading class org/gradle/api/internal/artifacts/ivyservice/resolutionstrategy/DefaultCachePolicy$CachedArtifactResolutionControl
Event: 7.063 loading class org/gradle/api/internal/artifacts/ivyservice/resolutionstrategy/DefaultCachePolicy$CachedArtifactResolutionControl done
Event: 7.063 loading class org/gradle/api/artifacts/cache/ArtifactResolutionControl
Event: 7.063 loading class org/gradle/api/artifacts/cache/ArtifactResolutionControl done
Event: 7.071 Executing VM operation: CollectForMetadataAllocation


Dynamic libraries:
0x000000013fcf0000 - 0x000000013fd24000 	C:\Program Files\Java\jdk1.8.0_25\bin\java.exe
0x0000000077540000 - 0x00000000776e9000 	C:\Windows\SYSTEM32\ntdll.dll
0x0000000077320000 - 0x000000007743f000 	C:\Windows\system32\kernel32.dll
0x000007fefd4f0000 - 0x000007fefd55c000 	C:\Windows\system32\KERNELBASE.dll
0x000007feff1e0000 - 0x000007feff2bb000 	C:\Windows\system32\ADVAPI32.dll
0x000007fefe790000 - 0x000007fefe82f000 	C:\Windows\system32\msvcrt.dll
0x000007feff2c0000 - 0x000007feff2df000 	C:\Windows\SYSTEM32\sechost.dll
0x000007fefe920000 - 0x000007fefea4d000 	C:\Windows\system32\RPCRT4.dll
0x0000000077440000 - 0x000000007753a000 	C:\Windows\system32\USER32.dll
0x000007fefea80000 - 0x000007fefeae7000 	C:\Windows\system32\GDI32.dll
0x000007feff130000 - 0x000007feff13e000 	C:\Windows\system32\LPK.dll
0x000007fefe5e0000 - 0x000007fefe6a9000 	C:\Windows\system32\USP10.dll
0x000007fefbeb0000 - 0x000007fefc0a4000 	C:\Windows\WinSxS\amd64_microsoft.windows.common-controls_6595b64144ccf1df_6.0.7601.17514_none_fa396087175ac9ac\COMCTL32.dll
0x000007fefe6b0000 - 0x000007fefe721000 	C:\Windows\system32\SHLWAPI.dll
0x000007fefea50000 - 0x000007fefea7e000 	C:\Windows\system32\IMM32.DLL
0x000007fefebe0000 - 0x000007fefece9000 	C:\Windows\system32\MSCTF.dll
0x000007fefd400000 - 0x000007fefd432000 	C:\Windows\system32\nvinitx.dll
0x000007fefd3f0000 - 0x000007fefd3fc000 	C:\Windows\system32\VERSION.dll
0x000000000f000000 - 0x000000000f006000 	C:\Program Files\NVIDIA Corporation\CoProcManager\detoured.dll
0x000007fef9750000 - 0x000007fef9782000 	C:\Program Files\NVIDIA Corporation\CoProcManager\nvd3d9wrapx.dll
0x000007feff540000 - 0x000007feff717000 	C:\Windows\system32\SETUPAPI.dll
0x000007fefd560000 - 0x000007fefd596000 	C:\Windows\system32\CFGMGR32.dll
0x000007fefeaf0000 - 0x000007fefebc7000 	C:\Windows\system32\OLEAUT32.dll
0x000007fefef20000 - 0x000007feff123000 	C:\Windows\system32\ole32.dll
0x000007fefd710000 - 0x000007fefd72a000 	C:\Windows\system32\DEVOBJ.dll
0x000007fef96a0000 - 0x000007fef96c2000 	C:\Program Files\NVIDIA Corporation\CoProcManager\nvdxgiwrapx.dll
0x00000000558b0000 - 0x0000000055982000 	C:\Program Files\Java\jdk1.8.0_25\jre\bin\msvcr100.dll
0x000000006f5b0000 - 0x000000006fe0a000 	C:\Program Files\Java\jdk1.8.0_25\jre\bin\server\jvm.dll
0x000007feebc70000 - 0x000007feebc79000 	C:\Windows\system32\WSOCK32.dll
0x000007fefe8d0000 - 0x000007fefe91d000 	C:\Windows\system32\WS2_32.dll
0x000007fefebd0000 - 0x000007fefebd8000 	C:\Windows\system32\NSI.dll
0x000007fefb2d0000 - 0x000007fefb30b000 	C:\Windows\system32\WINMM.dll
0x0000000077710000 - 0x0000000077717000 	C:\Windows\system32\PSAPI.DLL
0x0000000074230000 - 0x000000007423f000 	C:\Program Files\Java\jdk1.8.0_25\jre\bin\verify.dll
0x0000000074090000 - 0x00000000740b8000 	C:\Program Files\Java\jdk1.8.0_25\jre\bin\java.dll
0x0000000074070000 - 0x0000000074086000 	C:\Program Files\Java\jdk1.8.0_25\jre\bin\zip.dll
0x000007fefd850000 - 0x000007fefe5d9000 	C:\Windows\system32\SHELL32.dll
0x000007fefd440000 - 0x000007fefd44f000 	C:\Windows\system32\profapi.dll
0x000007fefccc0000 - 0x000007fefccd8000 	C:\Windows\system32\CRYPTSP.dll
0x000007fefc9c0000 - 0x000007fefca07000 	C:\Windows\system32\rsaenh.dll
0x000007fefc730000 - 0x000007fefc74e000 	C:\Windows\system32\USERENV.dll
0x000007fefd320000 - 0x000007fefd32f000 	C:\Windows\system32\CRYPTBASE.dll
0x0000000074020000 - 0x000000007403a000 	C:\Program Files\Java\jdk1.8.0_25\jre\bin\net.dll
0x000007fefcc60000 - 0x000007fefccb5000 	C:\Windows\system32\mswsock.dll
0x000007fefcc50000 - 0x000007fefcc57000 	C:\Windows\System32\wship6.dll
0x000007fefadf0000 - 0x000007fefae17000 	C:\Windows\system32\IPHLPAPI.DLL
0x000007fefade0000 - 0x000007fefadeb000 	C:\Windows\system32\WINNSI.DLL
0x000007fefab20000 - 0x000007fefab38000 	C:\Windows\system32\dhcpcsvc.DLL
0x000007fefaa40000 - 0x000007fefaa51000 	C:\Windows\system32\dhcpcsvc6.DLL
0x0000000074000000 - 0x0000000074011000 	C:\Program Files\Java\jdk1.8.0_25\jre\bin\nio.dll
0x000007fee9900000 - 0x000007fee9912000 	C:\Users\houxg\AppData\Local\Temp\native-platform5884600190127409855dir\native-platform.dll
0x000007fefd2c0000 - 0x000007fefd317000 	C:\Windows\system32\apphelp.dll
0x000007fef8b70000 - 0x000007fef8c95000 	C:\Windows\system32\dbghelp.dll

VM Arguments:
jvm_args: -XX:MaxPermSize=256m -XX:+HeapDumpOnOutOfMemoryError -Xmx1024m -Dfile.encoding=GBK -Duser.country=CN -Duser.language=zh -Duser.variant 
java_command: org.gradle.launcher.daemon.bootstrap.GradleDaemon 2.2.1 C:\Users\houxg\.gradle\daemon 10800000 95214365-ff0e-407b-8327-ddcbe221e3b0 -XX:MaxPermSize=256m -XX:+HeapDumpOnOutOfMemoryError -Xmx1024m -Dfile.encoding=GBK -Duser.country=CN -Duser.language=zh -Duser.variant
java_class_path (initial): D:\Program Files\Android\Android Studio\gradle\gradle-2.2.1\lib\gradle-launcher-2.2.1.jar
Launcher Type: SUN_STANDARD

Environment Variables:
JAVA_HOME=C:\Program Files\Java\jdk1.8.0_25
CLASSPATH=.;C:\Program Files\Java\jdk1.8.0_25\lib;C:\Program Files\Java\jdk1.8.0_25\lib\tools.jar
PATH=C:\Program Files (x86)\NVIDIA Corporation\PhysX\Common;C:\ProgramData\Oracle\Java\javapath;C:\Program Files (x86)\Intel\iCLS Client\;C:\Program Files\Intel\iCLS Client\;C:\Windows\system32;C:\Windows;C:\Windows\System32\Wbem;C:\Windows\System32\WindowsPowerShell\v1.0\;C:\Program Files\Intel\Intel(R) Management Engine Components\DAL;C:\Program Files (x86)\Intel\Intel(R) Management Engine Components\DAL;C:\Program Files\Intel\Intel(R) Management Engine Components\IPT;C:\Program Files (x86)\Intel\Intel(R) Management Engine Components\IPT;C:\Program Files\Microsoft\Web Platform Installer\;C:\Program Files (x86)\Microsoft ASP.NET\ASP.NET Web Pages\v1.0\;C:\Program Files (x86)\Windows Kits\8.0\Windows Performance Toolkit\;C:\Program Files\Microsoft SQL Server\110\Tools\Binn\;C:\Program Files\Java\jdk1.8.0_25\bin;C:\Program Files\Java\jdk1.8.0_25\jre\bin;C:\Program Files\TortoiseSVN\bin;D:\Program Files (x86)\Android\android-sdk\platform-tools
USERNAME=houxg
OS=Windows_NT
PROCESSOR_IDENTIFIER=Intel64 Family 6 Model 60 Stepping 3, GenuineIntel



---------------  S Y S T E M  ---------------

OS: Windows 7 , 64 bit Build 7601 Service Pack 1

CPU:total 8 (4 cores per cpu, 2 threads per core) family 6 model 60 stepping 3, cmov, cx8, fxsr, mmx, sse, sse2, sse3, ssse3, sse4.1, sse4.2, popcnt, avx, avx2, aes, clmul, erms, lzcnt, ht, tsc, tscinvbit, bmi1, bmi2

Memory: 4k page, physical 8302828k(1422516k free), swap 16603800k(7791952k free)

vm_info: Java HotSpot(TM) 64-Bit Server VM (25.25-b02) for windows-amd64 JRE (1.8.0_25-b18), built on Oct  7 2014 14:25:37 by "java_re" with MS VC++ 10.0 (VS2010)

time: Sun Apr 26 11:15:01 2015
elapsed time: 7 seconds (0d 0h 0m 7s)

